


~~~~~~~~~~~~~~~~~~~~~~~~~~~~~~~~~~~~~~~~~~~~~~
Module : work.Main_Trans_Ond_Opt_core_fsm(v2)
~~~~~~~~~~~~~~~~~~~~~~~~~~~~~~~~~~~~~~~~~~~~~~
Number of FSMs Extracted : 1

1.
--------------------------------------------------
Number of States                : 43
Primary State Variable          : state_var[42:0]
Other State Variable(s)         : 1) state_var_NS[42:0]
Async set/reset state(s)        : (none)
Re-encoding Scheme              : ONEHOT 
FSM: Info, state encoding table:
FSM:	Index	                         State Name	                            Literal	                      Encoding
FSM:	    0	                            st_main	0000000000000000000000000000000000000000001	0000000000000000000000000000000000000000001
FSM:	    1	                          st_main_1	0000000000000000000000000000000000000000010	0000000000000000000000000000000000000000010
FSM:	    2	                          st_copy_y	0000000000000000000000000000000000000000100	0000000000000000000000000000000000000000100
FSM:	    3	                        st_copy_y_1	0000000000000000000000000000000000000001000	0000000000000000000000000000000000000001000
FSM:	    4	                        st_copy_y_2	0000000000000000000000000000000000000010000	0000000000000000000000000000000000000010000
FSM:	    5	                          st_copy_x	0000000000000000000000000000000000000100000	0000000000000000000000000000000000000100000
FSM:	    6	                          st_main_2	0000000000000000000000000000000000001000000	0000000000000000000000000000000000001000000
FSM:	    7	                          st_levels	0000000000000000000000000000000000010000000	0000000000000000000000000000000000010000000
FSM:	    8	                         st_passe_x	0000000000000000000000000000000000100000000	0000000000000000000000000000000000100000000
FSM:	    9	                         st_passe_y	0000000000000000000000000000000001000000000	0000000000000000000000000000000001000000000
FSM:	   10	                       st_passe_y_1	0000000000000000000000000000000010000000000	0000000000000000000000000000000010000000000
FSM:	   11	                       st_passe_y_2	0000000000000000000000000000000100000000000	0000000000000000000000000000000100000000000
FSM:	   12	                       st_passe_y_3	0000000000000000000000000000001000000000000	0000000000000000000000000000001000000000000
FSM:	   13	                       st_passe_y_4	0000000000000000000000000000010000000000000	0000000000000000000000000000010000000000000
FSM:	   14	                       st_passe_y_5	0000000000000000000000000000100000000000000	0000000000000000000000000000100000000000000
FSM:	   15	                       st_passe_y_6	0000000000000000000000000001000000000000000	0000000000000000000000000001000000000000000
FSM:	   16	                       st_passe_y_7	0000000000000000000000000010000000000000000	0000000000000000000000000010000000000000000
FSM:	   17	                       st_passe_y_8	0000000000000000000000000100000000000000000	0000000000000000000000000100000000000000000
FSM:	   18	                       st_passe_x_1	0000000000000000000000001000000000000000000	0000000000000000000000001000000000000000000
FSM:	   19	                        st_levels_1	0000000000000000000000010000000000000000000	0000000000000000000000010000000000000000000
FSM:	   20	                     st_passe_x_1_1	0000000000000000000000100000000000000000000	0000000000000000000000100000000000000000000
FSM:	   21	                     st_passe_y_1_1	0000000000000000000001000000000000000000000	0000000000000000000001000000000000000000000
FSM:	   22	                   st_passe_y_1_1_1	0000000000000000000010000000000000000000000	0000000000000000000010000000000000000000000
FSM:	   23	                     st_passe_y_1_2	0000000000000000000100000000000000000000000	0000000000000000000100000000000000000000000
FSM:	   24	                     st_passe_y_1_3	0000000000000000001000000000000000000000000	0000000000000000001000000000000000000000000
FSM:	   25	                     st_passe_y_1_4	0000000000000000010000000000000000000000000	0000000000000000010000000000000000000000000
FSM:	   26	                     st_passe_y_1_5	0000000000000000100000000000000000000000000	0000000000000000100000000000000000000000000
FSM:	   27	                     st_passe_y_1_6	0000000000000001000000000000000000000000000	0000000000000001000000000000000000000000000
FSM:	   28	                     st_passe_y_1_7	0000000000000010000000000000000000000000000	0000000000000010000000000000000000000000000
FSM:	   29	                     st_passe_y_1_8	0000000000000100000000000000000000000000000	0000000000000100000000000000000000000000000
FSM:	   30	                   st_passe_x_1_1_1	0000000000001000000000000000000000000000000	0000000000001000000000000000000000000000000
FSM:	   31	                        st_levels_2	0000000000010000000000000000000000000000000	0000000000010000000000000000000000000000000
FSM:	   32	                        st_copy_x_1	0000000000100000000000000000000000000000000	0000000000100000000000000000000000000000000
FSM:	   33	                        st_copy_x_1	0000000001000000000000000000000000000000000	0000000001000000000000000000000000000000000
FSM:	   34	                        st_copy_x_1	0000000010000000000000000000000000000000000	0000000010000000000000000000000000000000000
FSM:	   35	                        st_copy_x_1	0000000100000000000000000000000000000000000	0000000100000000000000000000000000000000000
FSM:	   36	                        st_copy_x_1	0000001000000000000000000000000000000000000	0000001000000000000000000000000000000000000
FSM:	   37	                        st_copy_x_1	0000010000000000000000000000000000000000000	0000010000000000000000000000000000000000000
FSM:	   38	                        st_copy_x_1	0000100000000000000000000000000000000000000	0000100000000000000000000000000000000000000
FSM:	   39	                        st_copy_x_1	0001000000000000000000000000000000000000000	0001000000000000000000000000000000000000000
FSM:	   40	                        st_copy_x_1	0010000000000000000000000000000000000000000	0010000000000000000000000000000000000000000
FSM:	   41	                        st_copy_x_1	0100000000000000000000000000000000000000000	0100000000000000000000000000000000000000000
FSM:	   42	                        st_copy_x_1	1000000000000000000000000000000000000000000	1000000000000000000000000000000000000000000



